
************************
**    Connect Four    **
************************

   0   1   2   3   4   5   6   
+----+---+---+---+---+---+----+
|+---+---+---+---+---+---+---+|
||   |   |   |   |   |   |   ||
|+---+---+---+---+---+---+---+|
||   |   |   |   |   |   |   ||
|+---+---+---+---+---+---+---+|
||   |   |   |   |   |   |   ||
|+---+---+---+---+---+---+---+|
||   |   |   |   |   |   |   ||
+----+---+---+---+---+---+----+
||   |   |   |   |   |   |   ||
|+---+---+---+---+---+---+---+|
||   |   |   |   |   |   |   ||
|+---+---+---+---+---+---+---+|
+----+---+---+---+---+---+----+
   0   1   2   3   4   5   6   

Player 1: select a row to place your coin (0-6 or -1 to quit):
Player 2: select a row to place your coin (0-6 or -1 to quit):